<?xml version="1.0" encoding="UTF-8"?>
<!-- Generated by org.testng.reporters.JUnitReportReporter -->
<testsuite skipped="0" hostname="INPF0YTWR2" name="AllUgsmoketest.Smoketest4" tests="12" failures="1" timestamp="08 May 2019 11:47:45 GMT" time="364.452" errors="0">
  <testcase name="clickonCentralAdminandclickonUsergroup" time="57.580" classname="AllUgsmoketest.Smoketest4"/>
  <testcase name="clickonNewbtnandcreatenewusergrp" time="26.260" classname="AllUgsmoketest.Smoketest4">
    <failure type="java.lang.AssertionError" message="null">
      <![CDATA[java.lang.AssertionError: null
at org.testng.Assert.fail(Assert.java:96)
at org.testng.Assert.fail(Assert.java:103)
at AllUgsmoketest.Smoketest4.clickonNewbtnandcreatenewusergrp(Smoketest4.java:220)
at sun.reflect.NativeMethodAccessorImpl.invoke0(Native Method)
at sun.reflect.NativeMethodAccessorImpl.invoke(Unknown Source)
at sun.reflect.DelegatingMethodAccessorImpl.invoke(Unknown Source)
at java.lang.reflect.Method.invoke(Unknown Source)
at org.testng.internal.MethodInvocationHelper.invokeMethod(MethodInvocationHelper.java:124)
at org.testng.internal.Invoker.invokeMethod(Invoker.java:583)
at org.testng.internal.Invoker.invokeTestMethod(Invoker.java:719)
at org.testng.internal.Invoker.invokeTestMethods(Invoker.java:989)
at org.testng.internal.TestMethodWorker.invokeTestMethods(TestMethodWorker.java:125)
at org.testng.internal.TestMethodWorker.run(TestMethodWorker.java:109)
at org.testng.TestRunner.privateRun(TestRunner.java:648)
at org.testng.TestRunner.run(TestRunner.java:505)
at org.testng.SuiteRunner.runTest(SuiteRunner.java:455)
at org.testng.SuiteRunner.runSequentially(SuiteRunner.java:450)
at org.testng.SuiteRunner.privateRun(SuiteRunner.java:415)
at org.testng.SuiteRunner.run(SuiteRunner.java:364)
at org.testng.SuiteRunnerWorker.runSuite(SuiteRunnerWorker.java:52)
at org.testng.SuiteRunnerWorker.run(SuiteRunnerWorker.java:84)
at org.testng.TestNG.runSuitesSequentially(TestNG.java:1208)
at org.testng.TestNG.runSuitesLocally(TestNG.java:1137)
at org.testng.TestNG.runSuites(TestNG.java:1049)
at org.testng.TestNG.run(TestNG.java:1017)
at org.testng.remote.AbstractRemoteTestNG.run(AbstractRemoteTestNG.java:115)
at org.testng.remote.RemoteTestNG.initAndRun(RemoteTestNG.java:251)
at org.testng.remote.RemoteTestNG.main(RemoteTestNG.java:77)
]]>
    </failure>
  </testcase> <!-- clickonNewbtnandcreatenewusergrp -->
  <testcase name="CreatingnewuserfromAuthenticationlink" time="68.979" classname="AllUgsmoketest.Smoketest4"/>
  <testcase name="Selectnewcreateduserandsearch" time="35.966" classname="AllUgsmoketest.Smoketest4"/>
  <testcase name="ChangeRoleofnewcreatedusergrpandsaveit" time="19.862" classname="AllUgsmoketest.Smoketest4"/>
  <testcase name="ClickonAccessRightsoption" time="4.319" classname="AllUgsmoketest.Smoketest4"/>
  <testcase name="ClickonNewUsergroupandclickonchangealltochangeaccessofrighst" time="25.652" classname="AllUgsmoketest.Smoketest4"/>
  <testcase name="Createnewsites" time="37.968" classname="AllUgsmoketest.Smoketest4"/>
  <testcase name="Updatenewsites" time="13.789" classname="AllUgsmoketest.Smoketest4"/>
  <testcase name="updatingloc" time="17.249" classname="AllUgsmoketest.Smoketest4"/>
  <testcase name="CreatingNewLoc" time="13.393" classname="AllUgsmoketest.Smoketest4"/>
  <testcase name="creatingdepartments" time="43.435" classname="AllUgsmoketest.Smoketest4"/>
</testsuite> <!-- AllUgsmoketest.Smoketest4 -->
