<?xml version="1.0" encoding="UTF-8"?>
<!-- Generated by org.testng.reporters.JUnitReportReporter -->
<testsuite skipped="0" hostname="INPF0YTWR2" name="UGregresssionpack.regtest2" tests="8" failures="1" timestamp="03 May 2019 07:21:21 GMT" time="748.405" errors="0">
  <testcase name="createentriesforpatienttitleethnicmaritalnextofkin" time="194.784" classname="UGregresssionpack.regtest2"/>
  <testcase name="changedefaultsearchfield" time="100.028" classname="UGregresssionpack.regtest2"/>
  <testcase name="setoptionalcolumnsforpatientsearchresult" time="98.963" classname="UGregresssionpack.regtest2"/>
  <testcase name="toseepatientmacroid" time="152.685" classname="UGregresssionpack.regtest2"/>
  <testcase name="notattendingappointmentthreshold" time="40.069" classname="UGregresssionpack.regtest2"/>
  <testcase name="numberofpastmonthstoevaluatefordna" time="17.087" classname="UGregresssionpack.regtest2"/>
  <testcase name="showfuturehistoryindicationsearchscreen" time="129.529" classname="UGregresssionpack.regtest2"/>
  <testcase name="Genderprefinuseyn" time="15.260" classname="UGregresssionpack.regtest2">
    <failure type="java.lang.AssertionError" message="null">
      <![CDATA[java.lang.AssertionError: null
at org.testng.Assert.fail(Assert.java:96)
at org.testng.Assert.fail(Assert.java:103)
at UGregresssionpack.regtest2.Genderprefinuseyn(regtest2.java:1011)
at sun.reflect.NativeMethodAccessorImpl.invoke0(Native Method)
at sun.reflect.NativeMethodAccessorImpl.invoke(Unknown Source)
at sun.reflect.DelegatingMethodAccessorImpl.invoke(Unknown Source)
at java.lang.reflect.Method.invoke(Unknown Source)
at org.testng.internal.MethodInvocationHelper.invokeMethod(MethodInvocationHelper.java:124)
at org.testng.internal.Invoker.invokeMethod(Invoker.java:583)
at org.testng.internal.Invoker.invokeTestMethod(Invoker.java:719)
at org.testng.internal.Invoker.invokeTestMethods(Invoker.java:989)
at org.testng.internal.TestMethodWorker.invokeTestMethods(TestMethodWorker.java:125)
at org.testng.internal.TestMethodWorker.run(TestMethodWorker.java:109)
at org.testng.TestRunner.privateRun(TestRunner.java:648)
at org.testng.TestRunner.run(TestRunner.java:505)
at org.testng.SuiteRunner.runTest(SuiteRunner.java:455)
at org.testng.SuiteRunner.runSequentially(SuiteRunner.java:450)
at org.testng.SuiteRunner.privateRun(SuiteRunner.java:415)
at org.testng.SuiteRunner.run(SuiteRunner.java:364)
at org.testng.SuiteRunnerWorker.runSuite(SuiteRunnerWorker.java:52)
at org.testng.SuiteRunnerWorker.run(SuiteRunnerWorker.java:84)
at org.testng.TestNG.runSuitesSequentially(TestNG.java:1208)
at org.testng.TestNG.runSuitesLocally(TestNG.java:1137)
at org.testng.TestNG.runSuites(TestNG.java:1049)
at org.testng.TestNG.run(TestNG.java:1017)
at org.testng.remote.AbstractRemoteTestNG.run(AbstractRemoteTestNG.java:115)
at org.testng.remote.RemoteTestNG.initAndRun(RemoteTestNG.java:251)
at org.testng.remote.RemoteTestNG.main(RemoteTestNG.java:77)
]]>
    </failure>
  </testcase> <!-- Genderprefinuseyn -->
</testsuite> <!-- UGregresssionpack.regtest2 -->
