<?xml version="1.0" encoding="UTF-8"?>
<!-- Generated by org.testng.reporters.JUnitReportReporter -->
<testsuite skipped="0" hostname="INPF0YTWR2" name="UGregresssionpack.regtest3" tests="9" failures="1" timestamp="08 May 2019 11:35:50 GMT" time="1723.902" errors="0">
  <testcase name="practicesinuseyn" time="184.566" classname="UGregresssionpack.regtest3"/>
  <testcase name="staafregYN" time="195.490" classname="UGregresssionpack.regtest3"/>
  <testcase name="waitinglistyn" time="261.329" classname="UGregresssionpack.regtest3"/>
  <testcase name="regpatavailforapntYN" time="238.705" classname="UGregresssionpack.regtest3"/>
  <testcase name="freemultiuseyn" time="165.007" classname="UGregresssionpack.regtest3"/>
  <testcase name="bookingprocessstartwithpat" time="111.153" classname="UGregresssionpack.regtest3"/>
  <testcase name="UGtrackproinyn" time="145.887" classname="UGregresssionpack.regtest3"/>
  <testcase name="regpatientavailforwaitinglistentries" time="162.814" classname="UGregresssionpack.regtest3">
    <failure type="java.lang.AssertionError" message="null">
      <![CDATA[java.lang.AssertionError: null
at org.testng.Assert.fail(Assert.java:96)
at org.testng.Assert.fail(Assert.java:103)
at UGregresssionpack.regtest3.regpatientavailforwaitinglistentries(regtest3.java:459)
at sun.reflect.NativeMethodAccessorImpl.invoke0(Native Method)
at sun.reflect.NativeMethodAccessorImpl.invoke(Unknown Source)
at sun.reflect.DelegatingMethodAccessorImpl.invoke(Unknown Source)
at java.lang.reflect.Method.invoke(Unknown Source)
at org.testng.internal.MethodInvocationHelper.invokeMethod(MethodInvocationHelper.java:124)
at org.testng.internal.Invoker.invokeMethod(Invoker.java:583)
at org.testng.internal.Invoker.invokeTestMethod(Invoker.java:719)
at org.testng.internal.Invoker.invokeTestMethods(Invoker.java:989)
at org.testng.internal.TestMethodWorker.invokeTestMethods(TestMethodWorker.java:125)
at org.testng.internal.TestMethodWorker.run(TestMethodWorker.java:109)
at org.testng.TestRunner.privateRun(TestRunner.java:648)
at org.testng.TestRunner.run(TestRunner.java:505)
at org.testng.SuiteRunner.runTest(SuiteRunner.java:455)
at org.testng.SuiteRunner.runSequentially(SuiteRunner.java:450)
at org.testng.SuiteRunner.privateRun(SuiteRunner.java:415)
at org.testng.SuiteRunner.run(SuiteRunner.java:364)
at org.testng.SuiteRunnerWorker.runSuite(SuiteRunnerWorker.java:52)
at org.testng.SuiteRunnerWorker.run(SuiteRunnerWorker.java:84)
at org.testng.TestNG.runSuitesSequentially(TestNG.java:1208)
at org.testng.TestNG.runSuitesLocally(TestNG.java:1137)
at org.testng.TestNG.runSuites(TestNG.java:1049)
at org.testng.TestNG.run(TestNG.java:1017)
at org.testng.remote.AbstractRemoteTestNG.run(AbstractRemoteTestNG.java:115)
at org.testng.remote.RemoteTestNG.initAndRun(RemoteTestNG.java:251)
at org.testng.remote.RemoteTestNG.main(RemoteTestNG.java:77)
]]>
    </failure>
  </testcase> <!-- regpatientavailforwaitinglistentries -->
  <testcase name="referallistandactdeact" time="258.951" classname="UGregresssionpack.regtest3"/>
</testsuite> <!-- UGregresssionpack.regtest3 -->
